<?xml version="1.0" encoding="UTF-8"?>
<!-- Generated by org.testng.reporters.JUnitReportReporter -->
<testsuite hostname="DESKTOP-799KKK6" failures="0" tests="1" name="com.tests.socialapps.FaceBookTest" time="5.631" errors="0" timestamp="2025-08-30T11:39:38 IST" skipped="0">
  <testcase classname="com.tests.socialapps.FaceBookTest" name="facebookAppOpen" time="5.631"/>
</testsuite> <!-- com.tests.socialapps.FaceBookTest -->
