<?xml version="1.0" encoding="UTF-8"?>
<!-- Generated by org.testng.reporters.JUnitReportReporter -->
<testsuite hostname="DESKTOP-799KKK6" failures="0" tests="1" name="com.tests.socialapps.GoogleTest" time="3.313" errors="0" timestamp="2025-08-30T13:39:54 IST" skipped="0">
  <testcase classname="com.tests.socialapps.GoogleTest" name="googleOpen" time="3.313"/>
</testsuite> <!-- com.tests.socialapps.GoogleTest -->
