<?xml version="1.0" encoding="UTF-8"?>
<!-- Generated by org.testng.reporters.JUnitReportReporter -->
<testsuite hostname="DESKTOP-799KKK6" failures="0" tests="1" name="com.tests.ecommerce.AmazonTest" time="3.871" errors="0" timestamp="2025-08-30T13:39:54 IST" skipped="0">
  <testcase classname="com.tests.ecommerce.AmazonTest" name="amazonAppOpen" time="3.871"/>
</testsuite> <!-- com.tests.ecommerce.AmazonTest -->
